c:\users\marti\source\repos\vespoli95\eightminuteempire\game\eightminuteempire\eightminuteempire\x64\debug\vc142.pdb
c:\users\marti\source\repos\vespoli95\eightminuteempire\game\eightminuteempire\eightminuteempire\x64\debug\vc142.idb
c:\users\marti\source\repos\vespoli95\eightminuteempire\game\eightminuteempire\eightminuteempire\x64\debug\subject.obj
c:\users\marti\source\repos\vespoli95\eightminuteempire\game\eightminuteempire\eightminuteempire\x64\debug\playerdriver.obj
c:\users\marti\source\repos\vespoli95\eightminuteempire\game\eightminuteempire\eightminuteempire\x64\debug\player.obj
c:\users\marti\source\repos\vespoli95\eightminuteempire\game\eightminuteempire\eightminuteempire\x64\debug\part4_driver.obj
c:\users\marti\source\repos\vespoli95\eightminuteempire\game\eightminuteempire\eightminuteempire\x64\debug\observer_part_3.obj
c:\users\marti\source\repos\vespoli95\eightminuteempire\game\eightminuteempire\eightminuteempire\x64\debug\observer_part_2.obj
c:\users\marti\source\repos\vespoli95\eightminuteempire\game\eightminuteempire\eightminuteempire\x64\debug\observer.obj
c:\users\marti\source\repos\vespoli95\eightminuteempire\game\eightminuteempire\eightminuteempire\x64\debug\mapdriver.obj
c:\users\marti\source\repos\vespoli95\eightminuteempire\game\eightminuteempire\eightminuteempire\x64\debug\map.obj
c:\users\marti\source\repos\vespoli95\eightminuteempire\game\eightminuteempire\eightminuteempire\x64\debug\main.obj
c:\users\marti\source\repos\vespoli95\eightminuteempire\game\eightminuteempire\eightminuteempire\x64\debug\gamestartdriver.obj
c:\users\marti\source\repos\vespoli95\eightminuteempire\game\eightminuteempire\eightminuteempire\x64\debug\gamestart.obj
c:\users\marti\source\repos\vespoli95\eightminuteempire\game\eightminuteempire\eightminuteempire\x64\debug\gameobservers.obj
c:\users\marti\source\repos\vespoli95\eightminuteempire\game\eightminuteempire\eightminuteempire\x64\debug\gameloop.obj
c:\users\marti\source\repos\vespoli95\eightminuteempire\game\eightminuteempire\eightminuteempire\x64\debug\gamecard.obj
c:\users\marti\source\repos\vespoli95\eightminuteempire\game\eightminuteempire\eightminuteempire\x64\debug\computescore.obj
c:\users\marti\source\repos\vespoli95\eightminuteempire\game\eightminuteempire\eightminuteempire\x64\debug\cardsdriver.obj
c:\users\marti\source\repos\vespoli95\eightminuteempire\game\eightminuteempire\eightminuteempire\x64\debug\cards.obj
c:\users\marti\source\repos\vespoli95\eightminuteempire\game\eightminuteempire\eightminuteempire\x64\debug\biddingfacilitydriver.obj
c:\users\marti\source\repos\vespoli95\eightminuteempire\game\eightminuteempire\eightminuteempire\x64\debug\biddingfacility.obj
c:\users\marti\source\repos\vespoli95\eightminuteempire\game\eightminuteempire\x64\debug\eightminuteempire.ilk
c:\users\marti\source\repos\vespoli95\eightminuteempire\game\eightminuteempire\x64\debug\eightminuteempire.exe
c:\users\marti\source\repos\vespoli95\eightminuteempire\game\eightminuteempire\x64\debug\eightminuteempire.pdb
c:\users\marti\source\repos\vespoli95\eightminuteempire\game\eightminuteempire\eightminuteempire\x64\debug\eightmin.7c72e596.tlog\cl.command.1.tlog
c:\users\marti\source\repos\vespoli95\eightminuteempire\game\eightminuteempire\eightminuteempire\x64\debug\eightmin.7c72e596.tlog\cl.read.1.tlog
c:\users\marti\source\repos\vespoli95\eightminuteempire\game\eightminuteempire\eightminuteempire\x64\debug\eightmin.7c72e596.tlog\cl.write.1.tlog
c:\users\marti\source\repos\vespoli95\eightminuteempire\game\eightminuteempire\eightminuteempire\x64\debug\eightmin.7c72e596.tlog\link.command.1.tlog
c:\users\marti\source\repos\vespoli95\eightminuteempire\game\eightminuteempire\eightminuteempire\x64\debug\eightmin.7c72e596.tlog\link.read.1.tlog
c:\users\marti\source\repos\vespoli95\eightminuteempire\game\eightminuteempire\eightminuteempire\x64\debug\eightmin.7c72e596.tlog\link.write.1.tlog
