c:\wamp\www\eightminuteempire\game\eightminuteempire\eightminuteempire\debug\vc142.pdb
c:\wamp\www\eightminuteempire\game\eightminuteempire\eightminuteempire\debug\vc142.idb
c:\wamp\www\eightminuteempire\game\eightminuteempire\eightminuteempire\debug\subject.obj
c:\wamp\www\eightminuteempire\game\eightminuteempire\eightminuteempire\debug\playerdriver.obj
c:\wamp\www\eightminuteempire\game\eightminuteempire\eightminuteempire\debug\player.obj
c:\wamp\www\eightminuteempire\game\eightminuteempire\eightminuteempire\debug\part4_driver.obj
c:\wamp\www\eightminuteempire\game\eightminuteempire\eightminuteempire\debug\observer_part_2.obj
c:\wamp\www\eightminuteempire\game\eightminuteempire\eightminuteempire\debug\observer.obj
c:\wamp\www\eightminuteempire\game\eightminuteempire\eightminuteempire\debug\mapdriver.obj
c:\wamp\www\eightminuteempire\game\eightminuteempire\eightminuteempire\debug\map.obj
c:\wamp\www\eightminuteempire\game\eightminuteempire\eightminuteempire\debug\main.obj
c:\wamp\www\eightminuteempire\game\eightminuteempire\eightminuteempire\debug\gamestartdriver.obj
c:\wamp\www\eightminuteempire\game\eightminuteempire\eightminuteempire\debug\gamestart.obj
c:\wamp\www\eightminuteempire\game\eightminuteempire\eightminuteempire\debug\gameobservers.obj
c:\wamp\www\eightminuteempire\game\eightminuteempire\eightminuteempire\debug\gameloop.obj
c:\wamp\www\eightminuteempire\game\eightminuteempire\eightminuteempire\debug\computescore.obj
c:\wamp\www\eightminuteempire\game\eightminuteempire\eightminuteempire\debug\cardsdriver.obj
c:\wamp\www\eightminuteempire\game\eightminuteempire\eightminuteempire\debug\cards.obj
c:\wamp\www\eightminuteempire\game\eightminuteempire\eightminuteempire\debug\biddingfacilitydriver.obj
c:\wamp\www\eightminuteempire\game\eightminuteempire\eightminuteempire\debug\biddingfacility.obj
c:\wamp\www\eightminuteempire\game\eightminuteempire\debug\eightminuteempire.exe
c:\wamp\www\eightminuteempire\game\eightminuteempire\debug\eightminuteempire.ilk
c:\wamp\www\eightminuteempire\game\eightminuteempire\debug\eightminuteempire.pdb
c:\wamp\www\eightminuteempire\game\eightminuteempire\eightminuteempire\debug\eightmin.7c72e596.tlog\cl.command.1.tlog
c:\wamp\www\eightminuteempire\game\eightminuteempire\eightminuteempire\debug\eightmin.7c72e596.tlog\cl.read.1.tlog
c:\wamp\www\eightminuteempire\game\eightminuteempire\eightminuteempire\debug\eightmin.7c72e596.tlog\cl.write.1.tlog
c:\wamp\www\eightminuteempire\game\eightminuteempire\eightminuteempire\debug\eightmin.7c72e596.tlog\link.command.1.tlog
c:\wamp\www\eightminuteempire\game\eightminuteempire\eightminuteempire\debug\eightmin.7c72e596.tlog\link.read.1.tlog
c:\wamp\www\eightminuteempire\game\eightminuteempire\eightminuteempire\debug\eightmin.7c72e596.tlog\link.write.1.tlog
